[0.756s] Invoking command in '/home/faust/ros2_ws/src/figure_detector/build/figure_detector': DEBUGINFOD_URLS=https://debuginfod.ubuntu.com PYTHONPATH=/home/faust/ros2_ws/src/figure_detector/build/figure_detector/prefix_override:/usr/lib/python3/dist-packages/colcon_core/task/python/colcon_distutils_commands:/home/faust/ros2_ws/src/figure_detector/install/figure_detector/lib/python3.12/site-packages:${PYTHONPATH} VIRTUAL_ENV_PROMPT=(.venv) /usr/bin/python3 -W ignore:setup.py install is deprecated -W ignore:easy_install command is deprecated setup.py develop --editable --build-directory /home/faust/ros2_ws/src/figure_detector/build/figure_detector/build --no-deps symlink_data
[1.055s] running develop
[1.228s] /usr/lib/python3/dist-packages/setuptools/command/easy_install.py:363: UserWarning: Unbuilt egg for pytest-repeat [unknown version] (/usr/lib/python3/dist-packages)
[1.228s]   self.local_index = Environment(self.shadow_path + sys.path)
[1.264s] running egg_info
[1.264s] creating figure_detector.egg-info
[1.286s] writing figure_detector.egg-info/PKG-INFO
[1.286s] writing dependency_links to figure_detector.egg-info/dependency_links.txt
[1.286s] writing entry points to figure_detector.egg-info/entry_points.txt
[1.286s] writing requirements to figure_detector.egg-info/requires.txt
[1.287s] writing top-level names to figure_detector.egg-info/top_level.txt
[1.287s] writing manifest file 'figure_detector.egg-info/SOURCES.txt'
[1.336s] reading manifest file 'figure_detector.egg-info/SOURCES.txt'
[1.336s] writing manifest file 'figure_detector.egg-info/SOURCES.txt'
[1.359s] running build_ext
[1.360s] Creating /home/faust/ros2_ws/src/figure_detector/install/figure_detector/lib/python3.12/site-packages/figure-detector.egg-link (link to .)
[1.360s] Installing figure_node script to /home/faust/ros2_ws/src/figure_detector/install/figure_detector/lib/figure_detector
[1.360s] 
[1.360s] Installed /home/faust/ros2_ws/src/figure_detector/build/figure_detector
[1.361s] running symlink_data
[1.361s] symbolically linking /home/faust/ros2_ws/src/figure_detector/build/figure_detector/package.xml -> /home/faust/ros2_ws/src/figure_detector/install/figure_detector/share/figure_detector
[1.361s] creating /home/faust/ros2_ws/src/figure_detector/install/figure_detector/share/figure_detector/launch
[1.361s] symbolically linking /home/faust/ros2_ws/src/figure_detector/build/figure_detector/launch/figure_launch.py -> /home/faust/ros2_ws/src/figure_detector/install/figure_detector/share/figure_detector/launch
[1.390s] Invoked command in '/home/faust/ros2_ws/src/figure_detector/build/figure_detector' returned '0': DEBUGINFOD_URLS=https://debuginfod.ubuntu.com PYTHONPATH=/home/faust/ros2_ws/src/figure_detector/build/figure_detector/prefix_override:/usr/lib/python3/dist-packages/colcon_core/task/python/colcon_distutils_commands:/home/faust/ros2_ws/src/figure_detector/install/figure_detector/lib/python3.12/site-packages:${PYTHONPATH} VIRTUAL_ENV_PROMPT=(.venv) /usr/bin/python3 -W ignore:setup.py install is deprecated -W ignore:easy_install command is deprecated setup.py develop --editable --build-directory /home/faust/ros2_ws/src/figure_detector/build/figure_detector/build --no-deps symlink_data
